<?xml version="1.0" encoding="UTF-8"?>
<testng-results ignored="0" total="2" passed="2" failed="0" skipped="0">
  <reporter-output>
  </reporter-output>
  <suite started-at="2023-08-24T11:08:13 IST" name="Default suite" finished-at="2023-08-24T11:08:58 IST" duration-ms="44853">
    <groups>
    </groups>
    <test started-at="2023-08-24T11:08:13 IST" name="Default test" finished-at="2023-08-24T11:08:58 IST" duration-ms="44853">
      <class name="TestStep.TestCase">
        <test-method signature="Testcase1()[pri:1, instance:TestStep.TestCase@4a883b15]" started-at="2023-08-24T11:08:13 IST" name="Testcase1" finished-at="2023-08-24T11:08:24 IST" duration-ms="11072" status="PASS">
          <reporter-output>
          </reporter-output>
        </test-method> <!-- Testcase1 -->
        <test-method signature="Testcase2()[pri:2, instance:TestStep.TestCase@4a883b15]" started-at="2023-08-24T11:08:24 IST" name="Testcase2" finished-at="2023-08-24T11:08:58 IST" duration-ms="33759" status="PASS">
          <reporter-output>
          </reporter-output>
        </test-method> <!-- Testcase2 -->
      </class> <!-- TestStep.TestCase -->
    </test> <!-- Default test -->
  </suite> <!-- Default suite -->
</testng-results>
